<?xml version="1.0" encoding="UTF-8"?>
<coverage generated="1629928652922" clover="3.2.0">
  <project timestamp="1629928652922" name="All files">
    <metrics statements="16" coveredstatements="9" conditionals="3" coveredconditionals="1" methods="7" coveredmethods="2" elements="26" coveredelements="12" complexity="0" loc="16" ncloc="16" packages="1" files="2" classes="2"/>
    <file name="createTodo.js" path="C:\Users\Julian\Desktop\TodoListProject\src\createTodo.js">
      <metrics statements="5" coveredstatements="5" conditionals="1" coveredconditionals="1" methods="1" coveredmethods="1"/>
      <line num="3" count="1" type="cond" truecount="1" falsecount="0"/>
      <line num="4" count="3" type="stmt"/>
      <line num="5" count="3" type="stmt"/>
      <line num="6" count="3" type="stmt"/>
      <line num="7" count="3" type="stmt"/>
    </file>
    <file name="todo.js" path="C:\Users\Julian\Desktop\TodoListProject\src\todo.js">
      <metrics statements="11" coveredstatements="4" conditionals="2" coveredconditionals="0" methods="6" coveredmethods="1"/>
      <line num="2" count="3" type="stmt"/>
      <line num="6" count="1" type="stmt"/>
      <line num="7" count="0" type="stmt"/>
      <line num="8" count="0" type="stmt"/>
      <line num="12" count="1" type="stmt"/>
      <line num="13" count="0" type="cond" truecount="0" falsecount="2"/>
      <line num="14" count="0" type="stmt"/>
      <line num="15" count="0" type="stmt"/>
      <line num="16" count="0" type="stmt"/>
      <line num="20" count="1" type="stmt"/>
      <line num="21" count="0" type="stmt"/>
    </file>
  </project>
</coverage>
