<?xml version="1.0" encoding="UTF-8"?>
<coverage generated="1629932425996" clover="3.2.0">
  <project timestamp="1629932425996" name="All files">
    <metrics statements="16" coveredstatements="14" conditionals="3" coveredconditionals="2" methods="7" coveredmethods="5" elements="26" coveredelements="21" complexity="0" loc="16" ncloc="16" packages="1" files="3" classes="3"/>
    <file name="createTodo.js" path="C:\Users\hello\Desktop\Software Engineering\MICROVERSE_2.0\JavaScript\Projects\TodoListProject\src\createTodo.js">
      <metrics statements="5" coveredstatements="5" conditionals="1" coveredconditionals="1" methods="1" coveredmethods="1"/>
      <line num="3" count="2" type="cond" truecount="1" falsecount="0"/>
      <line num="4" count="2" type="stmt"/>
      <line num="5" count="2" type="stmt"/>
      <line num="6" count="2" type="stmt"/>
      <line num="7" count="2" type="stmt"/>
    </file>
    <file name="deleteTodo.js" path="C:\Users\hello\Desktop\Software Engineering\MICROVERSE_2.0\JavaScript\Projects\TodoListProject\src\deleteTodo.js">
      <metrics statements="5" coveredstatements="5" conditionals="2" coveredconditionals="1" methods="2" coveredmethods="2"/>
      <line num="2" count="1" type="stmt"/>
      <line num="3" count="1" type="cond" truecount="1" falsecount="1"/>
      <line num="4" count="1" type="stmt"/>
      <line num="5" count="1" type="stmt"/>
      <line num="6" count="1" type="stmt"/>
    </file>
    <file name="todo.js" path="C:\Users\hello\Desktop\Software Engineering\MICROVERSE_2.0\JavaScript\Projects\TodoListProject\src\todo.js">
      <metrics statements="6" coveredstatements="4" conditionals="0" coveredconditionals="0" methods="4" coveredmethods="2"/>
      <line num="2" count="2" type="stmt"/>
      <line num="6" count="2" type="stmt"/>
      <line num="7" count="1" type="stmt"/>
      <line num="8" count="0" type="stmt"/>
      <line num="13" count="2" type="stmt"/>
      <line num="14" count="0" type="stmt"/>
    </file>
  </project>
</coverage>
