{"C:\\Users\\hello\\Desktop\\Software Engineering\\MICROVERSE_2.0\\JavaScript\\Projects\\TodoListProject\\src\\createTodo.js": {"path":"C:\\Users\\hello\\Desktop\\Software Engineering\\MICROVERSE_2.0\\JavaScript\\Projects\\TodoListProject\\src\\createTodo.js","statementMap":{"0":{"start":{"line":3,"column":19},"end":{"line":8,"column":1}},"1":{"start":{"line":4,"column":17},"end":{"line":4,"column":31}},"2":{"start":{"line":5,"column":18},"end":{"line":5,"column":52}},"3":{"start":{"line":6,"column":2},"end":{"line":6,"column":20}},"4":{"start":{"line":7,"column":2},"end":{"line":7,"column":13}}},"fnMap":{"0":{"name":"(anonymous_0)","decl":{"start":{"line":3,"column":19},"end":{"line":3,"column":20}},"loc":{"start":{"line":3,"column":58},"end":{"line":8,"column":1}},"line":3}},"branchMap":{"0":{"loc":{"start":{"line":3,"column":36},"end":{"line":3,"column":53}},"type":"default-arg","locations":[{"start":{"line":3,"column":48},"end":{"line":3,"column":53}}],"line":3}},"s":{"0":2,"1":2,"2":2,"3":2,"4":2},"f":{"0":2},"b":{"0":[1]},"_coverageSchema":"1a1c01bbd47fc00a2c39e90264f33305004495a9","hash":"710427d15c046e7d35392faac62375e834e5d662"}
,"C:\\Users\\hello\\Desktop\\Software Engineering\\MICROVERSE_2.0\\JavaScript\\Projects\\TodoListProject\\src\\deleteTodo.js": {"path":"C:\\Users\\hello\\Desktop\\Software Engineering\\MICROVERSE_2.0\\JavaScript\\Projects\\TodoListProject\\src\\deleteTodo.js","statementMap":{"0":{"start":{"line":2,"column":19},"end":{"line":8,"column":1}},"1":{"start":{"line":3,"column":2},"end":{"line":7,"column":3}},"2":{"start":{"line":4,"column":19},"end":{"line":4,"column":65}},"3":{"start":{"line":4,"column":40},"end":{"line":4,"column":64}},"4":{"start":{"line":5,"column":4},"end":{"line":5,"column":29}},"5":{"start":{"line":6,"column":4},"end":{"line":6,"column":18}}},"fnMap":{"0":{"name":"(anonymous_0)","decl":{"start":{"line":2,"column":19},"end":{"line":2,"column":20}},"loc":{"start":{"line":2,"column":28},"end":{"line":8,"column":1}},"line":2},"1":{"name":"(anonymous_1)","decl":{"start":{"line":4,"column":30},"end":{"line":4,"column":31}},"loc":{"start":{"line":4,"column":40},"end":{"line":4,"column":64}},"line":4}},"branchMap":{"0":{"loc":{"start":{"line":3,"column":2},"end":{"line":7,"column":3}},"type":"if","locations":[{"start":{"line":3,"column":2},"end":{"line":7,"column":3}},{"start":{"line":3,"column":2},"end":{"line":7,"column":3}}],"line":3}},"s":{"0":1,"1":1,"2":1,"3":1,"4":1,"5":1},"f":{"0":1,"1":1},"b":{"0":[1,0]},"_coverageSchema":"1a1c01bbd47fc00a2c39e90264f33305004495a9","hash":"d2be06df129474e15d00ce6d2ffc8df1d3901879"}
,"C:\\Users\\hello\\Desktop\\Software Engineering\\MICROVERSE_2.0\\JavaScript\\Projects\\TodoListProject\\src\\todo.js": {"path":"C:\\Users\\hello\\Desktop\\Software Engineering\\MICROVERSE_2.0\\JavaScript\\Projects\\TodoListProject\\src\\todo.js","statementMap":{"0":{"start":{"line":2,"column":13},"end":{"line":4,"column":2}},"1":{"start":{"line":2,"column":49},"end":{"line":4,"column":1}},"2":{"start":{"line":6,"column":25},"end":{"line":10,"column":1}},"3":{"start":{"line":7,"column":2},"end":{"line":9,"column":5}},"4":{"start":{"line":8,"column":4},"end":{"line":8,"column":31}},"5":{"start":{"line":13,"column":17},"end":{"line":15,"column":1}},"6":{"start":{"line":14,"column":2},"end":{"line":14,"column":36}}},"fnMap":{"0":{"name":"(anonymous_0)","decl":{"start":{"line":2,"column":13},"end":{"line":2,"column":14}},"loc":{"start":{"line":2,"column":49},"end":{"line":4,"column":1}},"line":2},"1":{"name":"(anonymous_1)","decl":{"start":{"line":6,"column":25},"end":{"line":6,"column":26}},"loc":{"start":{"line":6,"column":34},"end":{"line":10,"column":1}},"line":6},"2":{"name":"(anonymous_2)","decl":{"start":{"line":7,"column":14},"end":{"line":7,"column":15}},"loc":{"start":{"line":7,"column":35},"end":{"line":9,"column":3}},"line":7},"3":{"name":"(anonymous_3)","decl":{"start":{"line":13,"column":17},"end":{"line":13,"column":18}},"loc":{"start":{"line":13,"column":43},"end":{"line":15,"column":1}},"line":13}},"branchMap":{},"s":{"0":2,"1":2,"2":2,"3":1,"4":0,"5":2,"6":0},"f":{"0":2,"1":1,"2":0,"3":0},"b":{},"_coverageSchema":"1a1c01bbd47fc00a2c39e90264f33305004495a9","hash":"35fd10cc65ef0db890bcc5e215b648b3fccb291b"}
}
