{"C:\\Users\\Julian\\Desktop\\TodoListProject\\src\\createTodo.js": {"path":"C:\\Users\\Julian\\Desktop\\TodoListProject\\src\\createTodo.js","statementMap":{"0":{"start":{"line":3,"column":19},"end":{"line":8,"column":1}},"1":{"start":{"line":4,"column":19},"end":{"line":4,"column":33}},"2":{"start":{"line":5,"column":20},"end":{"line":5,"column":54}},"3":{"start":{"line":6,"column":4},"end":{"line":6,"column":22}},"4":{"start":{"line":7,"column":4},"end":{"line":7,"column":15}}},"fnMap":{"0":{"name":"(anonymous_0)","decl":{"start":{"line":3,"column":19},"end":{"line":3,"column":20}},"loc":{"start":{"line":3,"column":58},"end":{"line":8,"column":1}},"line":3}},"branchMap":{"0":{"loc":{"start":{"line":3,"column":36},"end":{"line":3,"column":53}},"type":"default-arg","locations":[{"start":{"line":3,"column":48},"end":{"line":3,"column":53}}],"line":3}},"s":{"0":1,"1":3,"2":3,"3":3,"4":3},"f":{"0":3},"b":{"0":[3]},"_coverageSchema":"1a1c01bbd47fc00a2c39e90264f33305004495a9","hash":"6c3803791769b2df757b9785aa3a8e94668c0af4"}
,"C:\\Users\\Julian\\Desktop\\TodoListProject\\src\\todo.js": {"path":"C:\\Users\\Julian\\Desktop\\TodoListProject\\src\\todo.js","statementMap":{"0":{"start":{"line":2,"column":13},"end":{"line":4,"column":2}},"1":{"start":{"line":2,"column":49},"end":{"line":4,"column":1}},"2":{"start":{"line":6,"column":25},"end":{"line":10,"column":1}},"3":{"start":{"line":7,"column":2},"end":{"line":9,"column":5}},"4":{"start":{"line":8,"column":4},"end":{"line":8,"column":31}},"5":{"start":{"line":12,"column":19},"end":{"line":18,"column":1}},"6":{"start":{"line":13,"column":2},"end":{"line":17,"column":3}},"7":{"start":{"line":14,"column":19},"end":{"line":14,"column":65}},"8":{"start":{"line":14,"column":40},"end":{"line":14,"column":64}},"9":{"start":{"line":15,"column":4},"end":{"line":15,"column":29}},"10":{"start":{"line":16,"column":4},"end":{"line":16,"column":18}},"11":{"start":{"line":20,"column":17},"end":{"line":22,"column":1}},"12":{"start":{"line":21,"column":2},"end":{"line":21,"column":36}}},"fnMap":{"0":{"name":"(anonymous_0)","decl":{"start":{"line":2,"column":13},"end":{"line":2,"column":14}},"loc":{"start":{"line":2,"column":49},"end":{"line":4,"column":1}},"line":2},"1":{"name":"(anonymous_1)","decl":{"start":{"line":6,"column":25},"end":{"line":6,"column":26}},"loc":{"start":{"line":6,"column":34},"end":{"line":10,"column":1}},"line":6},"2":{"name":"(anonymous_2)","decl":{"start":{"line":7,"column":14},"end":{"line":7,"column":15}},"loc":{"start":{"line":7,"column":35},"end":{"line":9,"column":3}},"line":7},"3":{"name":"(anonymous_3)","decl":{"start":{"line":12,"column":19},"end":{"line":12,"column":20}},"loc":{"start":{"line":12,"column":28},"end":{"line":18,"column":1}},"line":12},"4":{"name":"(anonymous_4)","decl":{"start":{"line":14,"column":30},"end":{"line":14,"column":31}},"loc":{"start":{"line":14,"column":40},"end":{"line":14,"column":64}},"line":14},"5":{"name":"(anonymous_5)","decl":{"start":{"line":20,"column":17},"end":{"line":20,"column":18}},"loc":{"start":{"line":20,"column":43},"end":{"line":22,"column":1}},"line":20}},"branchMap":{"0":{"loc":{"start":{"line":13,"column":2},"end":{"line":17,"column":3}},"type":"if","locations":[{"start":{"line":13,"column":2},"end":{"line":17,"column":3}},{"start":{"line":13,"column":2},"end":{"line":17,"column":3}}],"line":13}},"s":{"0":1,"1":3,"2":1,"3":0,"4":0,"5":1,"6":0,"7":0,"8":0,"9":0,"10":0,"11":1,"12":0},"f":{"0":3,"1":0,"2":0,"3":0,"4":0,"5":0},"b":{"0":[0,0]},"_coverageSchema":"1a1c01bbd47fc00a2c39e90264f33305004495a9","hash":"e3c5e0131db6bc5ef75dc14d628df794d950af24"}
}
